<?xml version="1.0" encoding="UTF-8"?>
<!-- Generated by org.testng.reporters.JUnitReportReporter -->
<testsuite hostname="kimo" failures="0" tests="1" name="SignUpTest" time="6.816" errors="0" timestamp="2025-07-09T20:12:58 EEST" skipped="0">
  <testcase classname="SignUpTest" name="testSignupSuccessfull" time="6.816"/>
</testsuite> <!-- SignUpTest -->
